{"numFailedTestSuites":6,"numFailedTests":11,"numPassedTestSuites":58,"numPassedTests":1477,"numPendingTestSuites":0,"numPendingTests":2,"numRuntimeErrorTestSuites":2,"numTodoTests":0,"numTotalTestSuites":64,"numTotalTests":1490,"openHandles":[],"snapshot":{"added":0,"didUpdate":false,"failure":false,"filesAdded":0,"filesRemoved":0,"filesRemovedList":[],"filesUnmatched":0,"filesUpdated":0,"matched":0,"total":0,"unchecked":0,"uncheckedKeysByFile":[],"unmatched":0,"updated":0},"startTime":1749171731548,"success":false,"testResults":[{"assertionResults":[{"ancestorTitles":["DynamicUnstructuredSourceHandler","Configuration Validation"],"duration":1,"failureDetails":[],"failureMessages":[],"fullName":"DynamicUnstructuredSourceHandler Configuration Validation should validate valid configuration","invocations":1,"location":null,"numPassingAsserts":1,"retryReasons":[],"status":"passed","title":"should validate valid configuration"},{"ancestorTitles":["DynamicUnstructuredSourceHandler","Configuration Validation"],"duration":12,"failureDetails":[],"failureMessages":[],"fullName":"DynamicUnstructuredSourceHandler Configuration Validation should reject configuration without targets","invocations":1,"location":null,"numPassingAsserts":1,"retryReasons":[],"status":"passed","title":"should reject configuration without targets"},{"ancestorTitles":["DynamicUnstructuredSourceHandler","Configuration Validation"],"duration":1,"failureDetails":[],"failureMessages":[],"fullName":"DynamicUnstructuredSourceHandler Configuration Validation should reject configuration with empty targets array","invocations":1,"location":null,"numPassingAsserts":1,"retryReasons":[],"status":"passed","title":"should reject configuration with empty targets array"},{"ancestorTitles":["DynamicUnstructuredSourceHandler","Configuration Validation"],"duration":1,"failureDetails":[],"failureMessages":[],"fullName":"DynamicUnstructuredSourceHandler Configuration Validation should validate target configurations","invocations":1,"location":null,"numPassingAsserts":1,"retryReasons":[],"status":"passed","title":"should validate target configurations"},{"ancestorTitles":["DynamicUnstructuredSourceHandler","Configuration Validation"],"duration":1,"failureDetails":[],"failureMessages":[],"fullName":"DynamicUnstructuredSourceHandler Configuration Validation should validate selector configurations","invocations":1,"location":null,"numPassingAsserts":1,"retryReasons":[],"status":"passed","title":"should validate selector configurations"},{"ancestorTitles":["DynamicUnstructuredSourceHandler","Initialization"],"duration":1,"failureDetails":[],"failureMessages":[],"fullName":"DynamicUnstructuredSourceHandler Initialization should initialize successfully with valid configuration","invocations":1,"location":null,"numPassingAsserts":2,"retryReasons":[],"status":"passed","title":"should initialize successfully with valid configuration"},{"ancestorTitles":["DynamicUnstructuredSourceHandler","Initialization"],"duration":0,"failureDetails":[],"failureMessages":[],"fullName":"DynamicUnstructuredSourceHandler Initialization should handle browser initialization failure","invocations":1,"location":null,"numPassingAsserts":1,"retryReasons":[],"status":"passed","title":"should handle browser initialization failure"},{"ancestorTitles":["DynamicUnstructuredSourceHandler","Discovery"],"duration":4020,"failureDetails":[],"failureMessages":[],"fullName":"DynamicUnstructuredSourceHandler Discovery should discover articles from target sites","invocations":1,"location":null,"numPassingAsserts":2,"retryReasons":[],"status":"passed","title":"should discover articles from target sites"},{"ancestorTitles":["DynamicUnstructuredSourceHandler","Discovery"],"duration":3009,"failureDetails":[],"failureMessages":[],"fullName":"DynamicUnstructuredSourceHandler Discovery should handle pagination","invocations":1,"location":null,"numPassingAsserts":2,"retryReasons":[],"status":"passed","title":"should handle pagination"},{"ancestorTitles":["DynamicUnstructuredSourceHandler","Discovery"],"duration":4,"failureDetails":[],"failureMessages":[],"fullName":"DynamicUnstructuredSourceHandler Discovery should respect robots.txt when enabled","invocations":1,"location":null,"numPassingAsserts":1,"retryReasons":[],"status":"passed","title":"should respect robots.txt when enabled"},{"ancestorTitles":["DynamicUnstructuredSourceHandler","Discovery"],"duration":3,"failureDetails":[],"failureMessages":[],"fullName":"DynamicUnstructuredSourceHandler Discovery should handle discovery errors gracefully","invocations":1,"location":null,"numPassingAsserts":2,"retryReasons":[],"status":"passed","title":"should handle discovery errors gracefully"},{"ancestorTitles":["DynamicUnstructuredSourceHandler","Content Extraction"],"duration":3,"failureDetails":[],"failureMessages":[],"fullName":"DynamicUnstructuredSourceHandler Content Extraction should extract article content using selectors","invocations":1,"location":null,"numPassingAsserts":2,"retryReasons":[],"status":"passed","title":"should extract article content using selectors"},{"ancestorTitles":["DynamicUnstructuredSourceHandler","Content Extraction"],"duration":2,"failureDetails":[],"failureMessages":[],"fullName":"DynamicUnstructuredSourceHandler Content Extraction should handle missing content elements","invocations":1,"location":null,"numPassingAsserts":2,"retryReasons":[],"status":"passed","title":"should handle missing content elements"},{"ancestorTitles":["DynamicUnstructuredSourceHandler","Content Extraction"],"duration":3,"failureDetails":[],"failureMessages":[],"fullName":"DynamicUnstructuredSourceHandler Content Extraction should handle extraction errors","invocations":1,"location":null,"numPassingAsserts":1,"retryReasons":[],"status":"passed","title":"should handle extraction errors"},{"ancestorTitles":["DynamicUnstructuredSourceHandler","Content Extraction"],"duration":2,"failureDetails":[],"failureMessages":[],"fullName":"DynamicUnstructuredSourceHandler Content Extraction should apply content filters","invocations":1,"location":null,"numPassingAsserts":2,"retryReasons":[],"status":"passed","title":"should apply content filters"},{"ancestorTitles":["DynamicUnstructuredSourceHandler","Content Transformation"],"duration":2,"failureDetails":[],"failureMessages":[],"fullName":"DynamicUnstructuredSourceHandler Content Transformation should transform extracted content","invocations":1,"location":null,"numPassingAsserts":1,"retryReasons":[],"status":"passed","title":"should transform extracted content"},{"ancestorTitles":["DynamicUnstructuredSourceHandler","Content Transformation"],"duration":1,"failureDetails":[],"failureMessages":[],"fullName":"DynamicUnstructuredSourceHandler Content Transformation should handle missing title in metadata","invocations":1,"location":null,"numPassingAsserts":1,"retryReasons":[],"status":"passed","title":"should handle missing title in metadata"},{"ancestorTitles":["DynamicUnstructuredSourceHandler","Selector Evaluation"],"duration":1,"failureDetails":[],"failureMessages":[],"fullName":"DynamicUnstructuredSourceHandler Selector Evaluation should evaluate selectors correctly","invocations":1,"location":null,"numPassingAsserts":2,"retryReasons":[],"status":"passed","title":"should evaluate selectors correctly"},{"ancestorTitles":["DynamicUnstructuredSourceHandler","Pagination Handling"],"duration":2004,"failureDetails":[],"failureMessages":[],"fullName":"DynamicUnstructuredSourceHandler Pagination Handling should handle pagination correctly","invocations":1,"location":null,"numPassingAsserts":1,"retryReasons":[],"status":"passed","title":"should handle pagination correctly"},{"ancestorTitles":["DynamicUnstructuredSourceHandler","Pagination Handling"],"duration":1006,"failureDetails":[],"failureMessages":[],"fullName":"DynamicUnstructuredSourceHandler Pagination Handling should respect maxPages limit","invocations":1,"location":null,"numPassingAsserts":1,"retryReasons":[],"status":"passed","title":"should respect maxPages limit"},{"ancestorTitles":["DynamicUnstructuredSourceHandler","Helper Methods"],"duration":3,"failureDetails":[],"failureMessages":[],"fullName":"DynamicUnstructuredSourceHandler Helper Methods should generate document ID from URL","invocations":1,"location":null,"numPassingAsserts":3,"retryReasons":[],"status":"passed","title":"should generate document ID from URL"},{"ancestorTitles":["DynamicUnstructuredSourceHandler","Helper Methods"],"duration":4,"failureDetails":[],"failureMessages":[],"fullName":"DynamicUnstructuredSourceHandler Helper Methods should clean extracted content","invocations":1,"location":null,"numPassingAsserts":1,"retryReasons":[],"status":"passed","title":"should clean extracted content"},{"ancestorTitles":["DynamicUnstructuredSourceHandler","Helper Methods"],"duration":2,"failureDetails":[],"failureMessages":[],"fullName":"DynamicUnstructuredSourceHandler Helper Methods should validate content against filters","invocations":1,"location":null,"numPassingAsserts":3,"retryReasons":[],"status":"passed","title":"should validate content against filters"},{"ancestorTitles":["DynamicUnstructuredSourceHandler","Helper Methods"],"duration":3,"failureDetails":[],"failureMessages":[],"fullName":"DynamicUnstructuredSourceHandler Helper Methods should check robots.txt compliance","invocations":1,"location":null,"numPassingAsserts":1,"retryReasons":[],"status":"passed","title":"should check robots.txt compliance"},{"ancestorTitles":["DynamicUnstructuredSourceHandler","Helper Methods"],"duration":4,"failureDetails":[],"failureMessages":[],"fullName":"DynamicUnstructuredSourceHandler Helper Methods should count words correctly","invocations":1,"location":null,"numPassingAsserts":3,"retryReasons":[],"status":"passed","title":"should count words correctly"},{"ancestorTitles":["DynamicUnstructuredSourceHandler","Helper Methods"],"duration":103,"failureDetails":[],"failureMessages":[],"fullName":"DynamicUnstructuredSourceHandler Helper Methods should apply delay between requests","invocations":1,"location":null,"numPassingAsserts":1,"retryReasons":[],"status":"passed","title":"should apply delay between requests"},{"ancestorTitles":["DynamicUnstructuredSourceHandler","Cleanup"],"duration":4,"failureDetails":[],"failureMessages":[],"fullName":"DynamicUnstructuredSourceHandler Cleanup should cleanup browser resources","invocations":1,"location":null,"numPassingAsserts":2,"retryReasons":[],"status":"passed","title":"should cleanup browser resources"},{"ancestorTitles":["DynamicUnstructuredSourceHandler","Cleanup"],"duration":2,"failureDetails":[],"failureMessages":[],"fullName":"DynamicUnstructuredSourceHandler Cleanup should handle cleanup when browser not initialized","invocations":1,"location":null,"numPassingAsserts":1,"retryReasons":[],"status":"passed","title":"should handle cleanup when browser not initialized"}],"endTime":1749171742154,"message":"","name":"/Users/charlieirwin/Documents/GitHub/TheWell_Pipeline/tests/unit/ingestion/handlers/DynamicUnstructuredSourceHandler.test.js","startTime":1749171731581,"status":"passed","summary":""},{"assertionResults":[{"ancestorTitles":["AnthropicProvider","constructor"],"duration":5,"failureDetails":[],"failureMessages":[],"fullName":"AnthropicProvider constructor should throw error without API key","invocations":1,"location":null,"numPassingAsserts":1,"retryReasons":[],"status":"passed","title":"should throw error without API key"},{"ancestorTitles":["AnthropicProvider","constructor"],"duration":0,"failureDetails":[],"failureMessages":[],"fullName":"AnthropicProvider constructor should initialize with API key","invocations":1,"location":null,"numPassingAsserts":2,"retryReasons":[],"status":"passed","title":"should initialize with API key"},{"ancestorTitles":["AnthropicProvider","constructor"],"duration":2,"failureDetails":[],"failureMessages":[],"fullName":"AnthropicProvider constructor should use default configuration","invocations":1,"location":null,"numPassingAsserts":3,"retryReasons":[],"status":"passed","title":"should use default configuration"},{"ancestorTitles":["AnthropicProvider","constructor"],"duration":1,"failureDetails":[],"failureMessages":[],"fullName":"AnthropicProvider constructor should use custom configuration","invocations":1,"location":null,"numPassingAsserts":3,"retryReasons":[],"status":"passed","title":"should use custom configuration"},{"ancestorTitles":["AnthropicProvider","getSupportedModels"],"duration":0,"failureDetails":[],"failureMessages":[],"fullName":"AnthropicProvider getSupportedModels should return list of supported models","invocations":1,"location":null,"numPassingAsserts":5,"retryReasons":[],"status":"passed","title":"should return list of supported models"},{"ancestorTitles":["AnthropicProvider","calculateCost"],"duration":1,"failureDetails":[],"failureMessages":[],"fullName":"AnthropicProvider calculateCost should calculate cost for claude-3-sonnet","invocations":1,"location":null,"numPassingAsserts":4,"retryReasons":[],"status":"passed","title":"should calculate cost for claude-3-sonnet"},{"ancestorTitles":["AnthropicProvider","calculateCost"],"duration":0,"failureDetails":[],"failureMessages":[],"fullName":"AnthropicProvider calculateCost should calculate cost for claude-3-haiku","invocations":1,"location":null,"numPassingAsserts":3,"retryReasons":[],"status":"passed","title":"should calculate cost for claude-3-haiku"},{"ancestorTitles":["AnthropicProvider","calculateCost"],"duration":0,"failureDetails":[],"failureMessages":[],"fullName":"AnthropicProvider calculateCost should calculate cost for claude-3-opus","invocations":1,"location":null,"numPassingAsserts":3,"retryReasons":[],"status":"passed","title":"should calculate cost for claude-3-opus"},{"ancestorTitles":["AnthropicProvider","calculateCost"],"duration":0,"failureDetails":[],"failureMessages":[],"fullName":"AnthropicProvider calculateCost should throw error for unsupported model","invocations":1,"location":null,"numPassingAsserts":1,"retryReasons":[],"status":"passed","title":"should throw error for unsupported model"},{"ancestorTitles":["AnthropicProvider","calculateCost"],"duration":1,"failureDetails":[],"failureMessages":[],"fullName":"AnthropicProvider calculateCost should handle fractional costs correctly","invocations":1,"location":null,"numPassingAsserts":3,"retryReasons":[],"status":"passed","title":"should handle fractional costs correctly"},{"ancestorTitles":["AnthropicProvider","complete"],"duration":1,"failureDetails":[],"failureMessages":[],"fullName":"AnthropicProvider complete should complete successfully with default model","invocations":1,"location":null,"numPassingAsserts":8,"retryReasons":[],"status":"passed","title":"should complete successfully with default model"},{"ancestorTitles":["AnthropicProvider","complete"],"duration":2,"failureDetails":[],"failureMessages":[],"fullName":"AnthropicProvider complete should complete with custom model and options","invocations":1,"location":null,"numPassingAsserts":6,"retryReasons":[],"status":"passed","title":"should complete with custom model and options"},{"ancestorTitles":["AnthropicProvider","complete"],"duration":1,"failureDetails":[],"failureMessages":[],"fullName":"AnthropicProvider complete should throw error for unsupported model","invocations":1,"location":null,"numPassingAsserts":1,"retryReasons":[],"status":"passed","title":"should throw error for unsupported model"},{"ancestorTitles":["AnthropicProvider","complete"],"duration":null,"failureDetails":[],"failureMessages":[],"fullName":"AnthropicProvider complete should handle timeout","invocations":1,"location":null,"numPassingAsserts":0,"retryReasons":[],"status":"pending","title":"should handle timeout"},{"ancestorTitles":["AnthropicProvider","complete"],"duration":1003,"failureDetails":[],"failureMessages":[],"fullName":"AnthropicProvider complete should retry on retryable errors","invocations":1,"location":null,"numPassingAsserts":3,"retryReasons":[],"status":"passed","title":"should retry on retryable errors"},{"ancestorTitles":["AnthropicProvider","complete"],"duration":3,"failureDetails":[],"failureMessages":[],"fullName":"AnthropicProvider complete should not retry on non-retryable errors","invocations":1,"location":null,"numPassingAsserts":2,"retryReasons":[],"status":"passed","title":"should not retry on non-retryable errors"},{"ancestorTitles":["AnthropicProvider","complete"],"duration":3006,"failureDetails":[],"failureMessages":[],"fullName":"AnthropicProvider complete should fail after max retries","invocations":1,"location":null,"numPassingAsserts":2,"retryReasons":[],"status":"passed","title":"should fail after max retries"},{"ancestorTitles":["AnthropicProvider","complete"],"duration":3005,"failureDetails":[],"failureMessages":[],"fullName":"AnthropicProvider complete should increment request and error counters","invocations":1,"location":null,"numPassingAsserts":3,"retryReasons":[],"status":"passed","title":"should increment request and error counters"},{"ancestorTitles":["AnthropicProvider","makeRequest"],"duration":3,"failureDetails":[],"failureMessages":[],"fullName":"AnthropicProvider makeRequest should make request with correct headers","invocations":1,"location":null,"numPassingAsserts":6,"retryReasons":[],"status":"passed","title":"should make request with correct headers"},{"ancestorTitles":["AnthropicProvider","makeRequest"],"duration":2,"failureDetails":[],"failureMessages":[],"fullName":"AnthropicProvider makeRequest should handle HTTP errors","invocations":1,"location":null,"numPassingAsserts":1,"retryReasons":[],"status":"passed","title":"should handle HTTP errors"},{"ancestorTitles":["AnthropicProvider","makeRequest"],"duration":2,"failureDetails":[],"failureMessages":[],"fullName":"AnthropicProvider makeRequest should handle network errors","invocations":1,"location":null,"numPassingAsserts":1,"retryReasons":[],"status":"passed","title":"should handle network errors"},{"ancestorTitles":["AnthropicProvider","isNonRetryableError"],"duration":5,"failureDetails":[],"failureMessages":[],"fullName":"AnthropicProvider isNonRetryableError should identify non-retryable status codes","invocations":1,"location":null,"numPassingAsserts":4,"retryReasons":[],"status":"passed","title":"should identify non-retryable status codes"},{"ancestorTitles":["AnthropicProvider","isNonRetryableError"],"duration":5,"failureDetails":[],"failureMessages":[],"fullName":"AnthropicProvider isNonRetryableError should identify non-retryable error types","invocations":1,"location":null,"numPassingAsserts":3,"retryReasons":[],"status":"passed","title":"should identify non-retryable error types"},{"ancestorTitles":["AnthropicProvider","isNonRetryableError"],"duration":1,"failureDetails":[],"failureMessages":[],"fullName":"AnthropicProvider isNonRetryableError should identify retryable errors","invocations":1,"location":null,"numPassingAsserts":4,"retryReasons":[],"status":"passed","title":"should identify retryable errors"}],"endTime":1749171749444,"message":"","name":"/Users/charlieirwin/Documents/GitHub/TheWell_Pipeline/tests/unit/enrichment/providers/AnthropicProvider.test.js","startTime":1749171742167,"status":"focused","summary":""},{"assertionResults":[{"ancestorTitles":["OpenAIProvider","constructor"],"duration":5,"failureDetails":[],"failureMessages":[],"fullName":"OpenAIProvider constructor should throw error without API key","invocations":1,"location":null,"numPassingAsserts":1,"retryReasons":[],"status":"passed","title":"should throw error without API key"},{"ancestorTitles":["OpenAIProvider","constructor"],"duration":1,"failureDetails":[],"failureMessages":[],"fullName":"OpenAIProvider constructor should initialize with API key","invocations":1,"location":null,"numPassingAsserts":2,"retryReasons":[],"status":"passed","title":"should initialize with API key"},{"ancestorTitles":["OpenAIProvider","constructor"],"duration":0,"failureDetails":[],"failureMessages":[],"fullName":"OpenAIProvider constructor should use default configuration","invocations":1,"location":null,"numPassingAsserts":2,"retryReasons":[],"status":"passed","title":"should use default configuration"},{"ancestorTitles":["OpenAIProvider","constructor"],"duration":1,"failureDetails":[],"failureMessages":[],"fullName":"OpenAIProvider constructor should use custom configuration","invocations":1,"location":null,"numPassingAsserts":2,"retryReasons":[],"status":"passed","title":"should use custom configuration"},{"ancestorTitles":["OpenAIProvider","getSupportedModels"],"duration":0,"failureDetails":[],"failureMessages":[],"fullName":"OpenAIProvider getSupportedModels should return list of supported models","invocations":1,"location":null,"numPassingAsserts":4,"retryReasons":[],"status":"passed","title":"should return list of supported models"},{"ancestorTitles":["OpenAIProvider","calculateCost"],"duration":2,"failureDetails":[],"failureMessages":[],"fullName":"OpenAIProvider calculateCost should calculate cost for gpt-4-turbo","invocations":1,"location":null,"numPassingAsserts":4,"retryReasons":[],"status":"passed","title":"should calculate cost for gpt-4-turbo"},{"ancestorTitles":["OpenAIProvider","calculateCost"],"duration":1,"failureDetails":[],"failureMessages":[],"fullName":"OpenAIProvider calculateCost should calculate cost for gpt-3.5-turbo","invocations":1,"location":null,"numPassingAsserts":3,"retryReasons":[],"status":"passed","title":"should calculate cost for gpt-3.5-turbo"},{"ancestorTitles":["OpenAIProvider","calculateCost"],"duration":0,"failureDetails":[],"failureMessages":[],"fullName":"OpenAIProvider calculateCost should throw error for unsupported model","invocations":1,"location":null,"numPassingAsserts":1,"retryReasons":[],"status":"passed","title":"should throw error for unsupported model"},{"ancestorTitles":["OpenAIProvider","calculateCost"],"duration":1,"failureDetails":[],"failureMessages":[],"fullName":"OpenAIProvider calculateCost should handle fractional costs correctly","invocations":1,"location":null,"numPassingAsserts":3,"retryReasons":[],"status":"passed","title":"should handle fractional costs correctly"},{"ancestorTitles":["OpenAIProvider","complete"],"duration":1,"failureDetails":[],"failureMessages":[],"fullName":"OpenAIProvider complete should complete successfully with default model","invocations":1,"location":null,"numPassingAsserts":8,"retryReasons":[],"status":"passed","title":"should complete successfully with default model"},{"ancestorTitles":["OpenAIProvider","complete"],"duration":1,"failureDetails":[],"failureMessages":[],"fullName":"OpenAIProvider complete should complete with custom model and options","invocations":1,"location":null,"numPassingAsserts":5,"retryReasons":[],"status":"passed","title":"should complete with custom model and options"},{"ancestorTitles":["OpenAIProvider","complete"],"duration":1,"failureDetails":[],"failureMessages":[],"fullName":"OpenAIProvider complete should throw error for unsupported model","invocations":1,"location":null,"numPassingAsserts":1,"retryReasons":[],"status":"passed","title":"should throw error for unsupported model"},{"ancestorTitles":["OpenAIProvider","complete"],"duration":null,"failureDetails":[],"failureMessages":[],"fullName":"OpenAIProvider complete should handle timeout","invocations":1,"location":null,"numPassingAsserts":0,"retryReasons":[],"status":"pending","title":"should handle timeout"},{"ancestorTitles":["OpenAIProvider","complete"],"duration":1002,"failureDetails":[],"failureMessages":[],"fullName":"OpenAIProvider complete should retry on retryable errors","invocations":1,"location":null,"numPassingAsserts":3,"retryReasons":[],"status":"passed","title":"should retry on retryable errors"},{"ancestorTitles":["OpenAIProvider","complete"],"duration":3,"failureDetails":[],"failureMessages":[],"fullName":"OpenAIProvider complete should not retry on non-retryable errors","invocations":1,"location":null,"numPassingAsserts":2,"retryReasons":[],"status":"passed","title":"should not retry on non-retryable errors"},{"ancestorTitles":["OpenAIProvider","complete"],"duration":3006,"failureDetails":[],"failureMessages":[],"fullName":"OpenAIProvider complete should fail after max retries","invocations":1,"location":null,"numPassingAsserts":2,"retryReasons":[],"status":"passed","title":"should fail after max retries"},{"ancestorTitles":["OpenAIProvider","complete"],"duration":3007,"failureDetails":[],"failureMessages":[],"fullName":"OpenAIProvider complete should increment request and error counters","invocations":1,"location":null,"numPassingAsserts":3,"retryReasons":[],"status":"passed","title":"should increment request and error counters"},{"ancestorTitles":["OpenAIProvider","makeRequest"],"duration":3,"failureDetails":[],"failureMessages":[],"fullName":"OpenAIProvider makeRequest should make request with correct headers","invocations":1,"location":null,"numPassingAsserts":5,"retryReasons":[],"status":"passed","title":"should make request with correct headers"},{"ancestorTitles":["OpenAIProvider","makeRequest"],"duration":2,"failureDetails":[],"failureMessages":[],"fullName":"OpenAIProvider makeRequest should handle HTTP errors","invocations":1,"location":null,"numPassingAsserts":1,"retryReasons":[],"status":"passed","title":"should handle HTTP errors"},{"ancestorTitles":["OpenAIProvider","makeRequest"],"duration":2,"failureDetails":[],"failureMessages":[],"fullName":"OpenAIProvider makeRequest should handle network errors","invocations":1,"location":null,"numPassingAsserts":1,"retryReasons":[],"status":"passed","title":"should handle network errors"},{"ancestorTitles":["OpenAIProvider","isNonRetryableError"],"duration":1,"failureDetails":[],"failureMessages":[],"fullName":"OpenAIProvider isNonRetryableError should identify non-retryable status codes","invocations":1,"location":null,"numPassingAsserts":4,"retryReasons":[],"status":"passed","title":"should identify non-retryable status codes"},{"ancestorTitles":["OpenAIProvider","isNonRetryableError"],"duration":1,"failureDetails":[],"failureMessages":[],"fullName":"OpenAIProvider isNonRetryableError should identify retryable status codes","invocations":1,"location":null,"numPassingAsserts":3,"retryReasons":[],"status":"passed","title":"should identify retryable status codes"}],"endTime":1749171756641,"message":"","name":"/Users/charlieirwin/Documents/GitHub/TheWell_Pipeline/tests/unit/enrichment/providers/OpenAIProvider.test.js","startTime":1749171749449,"status":"focused","summary":""},{"assertionResults":[{"ancestorTitles":["HybridProcessingManager","initialization"],"duration":13,"failureDetails":[],"failureMessages":[],"fullName":"HybridProcessingManager initialization should initialize with default configuration","invocations":1,"location":null,"numPassingAsserts":3,"retryReasons":[],"status":"passed","title":"should initialize with default configuration"},{"ancestorTitles":["HybridProcessingManager","initialization"],"duration":1,"failureDetails":[],"failureMessages":[],"fullName":"HybridProcessingManager initialization should initialize with custom configuration","invocations":1,"location":null,"numPassingAsserts":3,"retryReasons":[],"status":"passed","title":"should initialize with custom configuration"},{"ancestorTitles":["HybridProcessingManager","initialization"],"duration":2,"failureDetails":[],"failureMessages":[],"fullName":"HybridProcessingManager initialization should initialize strategy usage metrics","invocations":1,"location":null,"numPassingAsserts":4,"retryReasons":[],"status":"passed","title":"should initialize strategy usage metrics"},{"ancestorTitles":["HybridProcessingManager","document analysis"],"duration":1,"failureDetails":[],"failureMessages":[],"fullName":"HybridProcessingManager document analysis should analyze simple document correctly","invocations":1,"location":null,"numPassingAsserts":5,"retryReasons":[],"status":"passed","title":"should analyze simple document correctly"},{"ancestorTitles":["HybridProcessingManager","document analysis"],"duration":1,"failureDetails":[],"failureMessages":[],"fullName":"HybridProcessingManager document analysis should detect code content type","invocations":1,"location":null,"numPassingAsserts":1,"retryReasons":[],"status":"passed","title":"should detect code content type"},{"ancestorTitles":["HybridProcessingManager","document analysis"],"duration":1,"failureDetails":[],"failureMessages":[],"fullName":"HybridProcessingManager document analysis should detect markdown content type","invocations":1,"location":null,"numPassingAsserts":1,"retryReasons":[],"status":"passed","title":"should detect markdown content type"},{"ancestorTitles":["HybridProcessingManager","document analysis"],"duration":2,"failureDetails":[],"failureMessages":[],"fullName":"HybridProcessingManager document analysis should calculate complexity based on document characteristics","invocations":1,"location":null,"numPassingAsserts":1,"retryReasons":[],"status":"passed","title":"should calculate complexity based on document characteristics"},{"ancestorTitles":["HybridProcessingManager","document analysis"],"duration":1,"failureDetails":[],"failureMessages":[],"fullName":"HybridProcessingManager document analysis should determine sensitivity from metadata","invocations":1,"location":null,"numPassingAsserts":3,"retryReasons":[],"status":"passed","title":"should determine sensitivity from metadata"},{"ancestorTitles":["HybridProcessingManager","strategy selection"],"duration":1,"failureDetails":[],"failureMessages":[],"fullName":"HybridProcessingManager strategy selection should select monolithic strategy for simple documents","invocations":1,"location":null,"numPassingAsserts":1,"retryReasons":[],"status":"passed","title":"should select monolithic strategy for simple documents"},{"ancestorTitles":["HybridProcessingManager","strategy selection"],"duration":1,"failureDetails":[],"failureMessages":[],"fullName":"HybridProcessingManager strategy selection should select chunked strategy for large documents","invocations":1,"location":null,"numPassingAsserts":1,"retryReasons":[],"status":"passed","title":"should select chunked strategy for large documents"},{"ancestorTitles":["HybridProcessingManager","strategy selection"],"duration":1,"failureDetails":[],"failureMessages":[],"fullName":"HybridProcessingManager strategy selection should select agent strategy for complex documents","invocations":1,"location":null,"numPassingAsserts":1,"retryReasons":[],"status":"passed","title":"should select agent strategy for complex documents"},{"ancestorTitles":["HybridProcessingManager","strategy selection"],"duration":1,"failureDetails":[],"failureMessages":[],"fullName":"HybridProcessingManager strategy selection should enforce local processing for sensitive data","invocations":1,"location":null,"numPassingAsserts":1,"retryReasons":[],"status":"passed","title":"should enforce local processing for sensitive data"},{"ancestorTitles":["HybridProcessingManager","strategy selection"],"duration":1,"failureDetails":[],"failureMessages":[],"fullName":"HybridProcessingManager strategy selection should consider cost constraints in strategy selection","invocations":1,"location":null,"numPassingAsserts":1,"retryReasons":[],"status":"passed","title":"should consider cost constraints in strategy selection"},{"ancestorTitles":["HybridProcessingManager","provider routing"],"duration":0,"failureDetails":[],"failureMessages":[],"fullName":"HybridProcessingManager provider routing should route to local providers for sensitive data","invocations":1,"location":null,"numPassingAsserts":2,"retryReasons":[],"status":"passed","title":"should route to local providers for sensitive data"},{"ancestorTitles":["HybridProcessingManager","provider routing"],"duration":1,"failureDetails":[],"failureMessages":[],"fullName":"HybridProcessingManager provider routing should route to cloud providers for non-sensitive data","invocations":1,"location":null,"numPassingAsserts":2,"retryReasons":[],"status":"passed","title":"should route to cloud providers for non-sensitive data"},{"ancestorTitles":["HybridProcessingManager","provider routing"],"duration":2,"failureDetails":[],"failureMessages":[],"fullName":"HybridProcessingManager provider routing should allocate appropriate resources based on strategy","invocations":1,"location":null,"numPassingAsserts":3,"retryReasons":[],"status":"passed","title":"should allocate appropriate resources based on strategy"},{"ancestorTitles":["HybridProcessingManager","monolithic processing"],"duration":1,"failureDetails":[],"failureMessages":[],"fullName":"HybridProcessingManager monolithic processing should execute monolithic processing successfully","invocations":1,"location":null,"numPassingAsserts":4,"retryReasons":[],"status":"passed","title":"should execute monolithic processing successfully"},{"ancestorTitles":["HybridProcessingManager","chunked processing"],"duration":2,"failureDetails":[],"failureMessages":[],"fullName":"HybridProcessingManager chunked processing should split document into chunks and process them","invocations":1,"location":null,"numPassingAsserts":4,"retryReasons":[],"status":"passed","title":"should split document into chunks and process them"},{"ancestorTitles":["HybridProcessingManager","agent processing"],"duration":1,"failureDetails":[],"failureMessages":[],"fullName":"HybridProcessingManager agent processing should execute multi-step agent processing","invocations":1,"location":null,"numPassingAsserts":5,"retryReasons":[],"status":"passed","title":"should execute multi-step agent processing"},{"ancestorTitles":["HybridProcessingManager","hybrid processing"],"duration":1,"failureDetails":[],"failureMessages":[],"fullName":"HybridProcessingManager hybrid processing should analyze sections and apply different strategies","invocations":1,"location":null,"numPassingAsserts":3,"retryReasons":[],"status":"passed","title":"should analyze sections and apply different strategies"},{"ancestorTitles":["HybridProcessingManager","full processing workflow"],"duration":1,"failureDetails":[],"failureMessages":[],"fullName":"HybridProcessingManager full processing workflow should complete full processing workflow for simple document","invocations":1,"location":null,"numPassingAsserts":3,"retryReasons":[],"status":"passed","title":"should complete full processing workflow for simple document"},{"ancestorTitles":["HybridProcessingManager","full processing workflow"],"duration":1,"failureDetails":[],"failureMessages":[],"fullName":"HybridProcessingManager full processing workflow should emit processing events","invocations":1,"location":null,"numPassingAsserts":1,"retryReasons":[],"status":"passed","title":"should emit processing events"},{"ancestorTitles":["HybridProcessingManager","full processing workflow"],"duration":5,"failureDetails":[],"failureMessages":[],"fullName":"HybridProcessingManager full processing workflow should handle processing failures gracefully","invocations":1,"location":null,"numPassingAsserts":2,"retryReasons":[],"status":"passed","title":"should handle processing failures gracefully"},{"ancestorTitles":["HybridProcessingManager","resource management"],"duration":1,"failureDetails":[],"failureMessages":[],"fullName":"HybridProcessingManager resource management should track resource usage correctly","invocations":1,"location":null,"numPassingAsserts":2,"retryReasons":[],"status":"passed","title":"should track resource usage correctly"},{"ancestorTitles":["HybridProcessingManager","resource management"],"duration":1,"failureDetails":[],"failureMessages":[],"fullName":"HybridProcessingManager resource management should respect concurrency limits","invocations":1,"location":null,"numPassingAsserts":2,"retryReasons":[],"status":"passed","title":"should respect concurrency limits"},{"ancestorTitles":["HybridProcessingManager","metrics and recommendations"],"duration":1,"failureDetails":[],"failureMessages":[],"fullName":"HybridProcessingManager metrics and recommendations should provide processing metrics","invocations":1,"location":null,"numPassingAsserts":5,"retryReasons":[],"status":"passed","title":"should provide processing metrics"},{"ancestorTitles":["HybridProcessingManager","metrics and recommendations"],"duration":1,"failureDetails":[],"failureMessages":[],"fullName":"HybridProcessingManager metrics and recommendations should provide processing recommendations","invocations":1,"location":null,"numPassingAsserts":1,"retryReasons":[],"status":"passed","title":"should provide processing recommendations"},{"ancestorTitles":["HybridProcessingManager","metrics and recommendations"],"duration":1,"failureDetails":[],"failureMessages":[],"fullName":"HybridProcessingManager metrics and recommendations should recommend latency optimization for slow processing","invocations":1,"location":null,"numPassingAsserts":1,"retryReasons":[],"status":"passed","title":"should recommend latency optimization for slow processing"},{"ancestorTitles":["HybridProcessingManager","utility functions"],"duration":0,"failureDetails":[],"failureMessages":[],"fullName":"HybridProcessingManager utility functions should calculate document size correctly","invocations":1,"location":null,"numPassingAsserts":2,"retryReasons":[],"status":"passed","title":"should calculate document size correctly"},{"ancestorTitles":["HybridProcessingManager","utility functions"],"duration":0,"failureDetails":[],"failureMessages":[],"fullName":"HybridProcessingManager utility functions should split documents into chunks correctly","invocations":1,"location":null,"numPassingAsserts":2,"retryReasons":[],"status":"passed","title":"should split documents into chunks correctly"},{"ancestorTitles":["HybridProcessingManager","utility functions"],"duration":1,"failureDetails":[],"failureMessages":[],"fullName":"HybridProcessingManager utility functions should analyze document sections correctly","invocations":1,"location":null,"numPassingAsserts":3,"retryReasons":[],"status":"passed","title":"should analyze document sections correctly"},{"ancestorTitles":["HybridProcessingManager","utility functions"],"duration":1,"failureDetails":[],"failureMessages":[],"fullName":"HybridProcessingManager utility functions should generate unique process IDs","invocations":1,"location":null,"numPassingAsserts":2,"retryReasons":[],"status":"passed","title":"should generate unique process IDs"},{"ancestorTitles":["HybridProcessingManager","shutdown"],"duration":2,"failureDetails":[],"failureMessages":[],"fullName":"HybridProcessingManager shutdown should shutdown gracefully","invocations":1,"location":null,"numPassingAsserts":3,"retryReasons":[],"status":"passed","title":"should shutdown gracefully"},{"ancestorTitles":["HybridProcessingManager","shutdown"],"duration":1006,"failureDetails":[],"failureMessages":[],"fullName":"HybridProcessingManager shutdown should wait for active processes during shutdown","invocations":1,"location":null,"numPassingAsserts":1,"retryReasons":[],"status":"passed","title":"should wait for active processes during shutdown"}],"endTime":1749171757883,"message":"","name":"/Users/charlieirwin/Documents/GitHub/TheWell_Pipeline/tests/unit/enrichment/HybridProcessingManager.test.js","startTime":1749171756646,"status":"passed","summary":""},{"assertionResults":[{"ancestorTitles":["FailoverManager","Constructor and Initialization"],"duration":2,"failureDetails":[],"failureMessages":[],"fullName":"FailoverManager Constructor and Initialization should initialize with default configuration","invocations":1,"location":null,"numPassingAsserts":3,"retryReasons":[],"status":"passed","title":"should initialize with default configuration"},{"ancestorTitles":["FailoverManager","Constructor and Initialization"],"duration":0,"failureDetails":[],"failureMessages":[],"fullName":"FailoverManager Constructor and Initialization should initialize with custom configuration","invocations":1,"location":null,"numPassingAsserts":3,"retryReasons":[],"status":"passed","title":"should initialize with custom configuration"},{"ancestorTitles":["FailoverManager","Constructor and Initialization"],"duration":2,"failureDetails":[],"failureMessages":[],"fullName":"FailoverManager Constructor and Initialization should initialize provider states when providers are set","invocations":1,"location":null,"numPassingAsserts":4,"retryReasons":[],"status":"passed","title":"should initialize provider states when providers are set"},{"ancestorTitles":["FailoverManager","Provider Selection"],"duration":1,"failureDetails":[],"failureMessages":[],"fullName":"FailoverManager Provider Selection should select providers based on score","invocations":1,"location":null,"numPassingAsserts":3,"retryReasons":[],"status":"passed","title":"should select providers based on score"},{"ancestorTitles":["FailoverManager","Provider Selection"],"duration":0,"failureDetails":[],"failureMessages":[],"fullName":"FailoverManager Provider Selection should exclude specified providers","invocations":1,"location":null,"numPassingAsserts":3,"retryReasons":[],"status":"passed","title":"should exclude specified providers"},{"ancestorTitles":["FailoverManager","Provider Selection"],"duration":1,"failureDetails":[],"failureMessages":[],"fullName":"FailoverManager Provider Selection should exclude providers with open circuit breakers","invocations":1,"location":null,"numPassingAsserts":2,"retryReasons":[],"status":"passed","title":"should exclude providers with open circuit breakers"},{"ancestorTitles":["FailoverManager","Execution with Failover"],"duration":1,"failureDetails":[],"failureMessages":[],"fullName":"FailoverManager Execution with Failover should execute successfully with first provider","invocations":1,"location":null,"numPassingAsserts":3,"retryReasons":[],"status":"passed","title":"should execute successfully with first provider"},{"ancestorTitles":["FailoverManager","Execution with Failover"],"duration":203,"failureDetails":[],"failureMessages":[],"fullName":"FailoverManager Execution with Failover should failover to second provider when first fails","invocations":1,"location":null,"numPassingAsserts":3,"retryReasons":[],"status":"passed","title":"should failover to second provider when first fails"},{"ancestorTitles":["FailoverManager","Execution with Failover"],"duration":15,"failureDetails":[],"failureMessages":[],"fullName":"FailoverManager Execution with Failover should throw error when all providers fail","invocations":1,"location":null,"numPassingAsserts":3,"retryReasons":[],"status":"passed","title":"should throw error when all providers fail"},{"ancestorTitles":["FailoverManager","Execution with Failover"],"duration":1,"failureDetails":[],"failureMessages":[],"fullName":"FailoverManager Execution with Failover should emit events during execution","invocations":1,"location":null,"numPassingAsserts":1,"retryReasons":[],"status":"passed","title":"should emit events during execution"},{"ancestorTitles":["FailoverManager","Retry Logic"],"duration":204,"failureDetails":[],"failureMessages":[],"fullName":"FailoverManager Retry Logic should retry on retryable errors","invocations":1,"location":null,"numPassingAsserts":2,"retryReasons":[],"status":"passed","title":"should retry on retryable errors"},{"ancestorTitles":["FailoverManager","Retry Logic"],"duration":3,"failureDetails":[],"failureMessages":[],"fullName":"FailoverManager Retry Logic should not retry on non-retryable errors","invocations":1,"location":null,"numPassingAsserts":3,"retryReasons":[],"status":"passed","title":"should not retry on non-retryable errors"},{"ancestorTitles":["FailoverManager","Retry Logic"],"duration":2,"failureDetails":[],"failureMessages":[],"fullName":"FailoverManager Retry Logic should calculate retry delay with exponential backoff","invocations":1,"location":null,"numPassingAsserts":3,"retryReasons":[],"status":"passed","title":"should calculate retry delay with exponential backoff"},{"ancestorTitles":["FailoverManager","Circuit Breaker"],"duration":3,"failureDetails":[],"failureMessages":[],"fullName":"FailoverManager Circuit Breaker should open circuit breaker after threshold failures","invocations":1,"location":null,"numPassingAsserts":1,"retryReasons":[],"status":"passed","title":"should open circuit breaker after threshold failures"},{"ancestorTitles":["FailoverManager","Circuit Breaker"],"duration":2,"failureDetails":[],"failureMessages":[],"fullName":"FailoverManager Circuit Breaker should transition to half-open after timeout","invocations":1,"location":null,"numPassingAsserts":2,"retryReasons":[],"status":"passed","title":"should transition to half-open after timeout"},{"ancestorTitles":["FailoverManager","Circuit Breaker"],"duration":1,"failureDetails":[],"failureMessages":[],"fullName":"FailoverManager Circuit Breaker should close circuit breaker on successful execution","invocations":1,"location":null,"numPassingAsserts":2,"retryReasons":[],"status":"passed","title":"should close circuit breaker on successful execution"},{"ancestorTitles":["FailoverManager","Health Monitoring"],"duration":4,"failureDetails":[],"failureMessages":[],"fullName":"FailoverManager Health Monitoring should perform health checks on providers","invocations":1,"location":null,"numPassingAsserts":2,"retryReasons":[],"status":"passed","title":"should perform health checks on providers"},{"ancestorTitles":["FailoverManager","Health Monitoring"],"duration":2,"failureDetails":[],"failureMessages":[],"fullName":"FailoverManager Health Monitoring should restore unhealthy provider to healthy on successful health check","invocations":1,"location":null,"numPassingAsserts":2,"retryReasons":[],"status":"passed","title":"should restore unhealthy provider to healthy on successful health check"},{"ancestorTitles":["FailoverManager","Health Monitoring"],"duration":1,"failureDetails":[],"failureMessages":[],"fullName":"FailoverManager Health Monitoring should handle health check failures gracefully","invocations":1,"location":null,"numPassingAsserts":1,"retryReasons":[],"status":"passed","title":"should handle health check failures gracefully"},{"ancestorTitles":["FailoverManager","Performance Metrics"],"duration":2,"failureDetails":[],"failureMessages":[],"fullName":"FailoverManager Performance Metrics should record success metrics","invocations":1,"location":null,"numPassingAsserts":5,"retryReasons":[],"status":"passed","title":"should record success metrics"},{"ancestorTitles":["FailoverManager","Performance Metrics"],"duration":1,"failureDetails":[],"failureMessages":[],"fullName":"FailoverManager Performance Metrics should record failure metrics","invocations":1,"location":null,"numPassingAsserts":4,"retryReasons":[],"status":"passed","title":"should record failure metrics"},{"ancestorTitles":["FailoverManager","Performance Metrics"],"duration":1,"failureDetails":[],"failureMessages":[],"fullName":"FailoverManager Performance Metrics should calculate provider reliability","invocations":1,"location":null,"numPassingAsserts":2,"retryReasons":[],"status":"passed","title":"should calculate provider reliability"},{"ancestorTitles":["FailoverManager","Performance Metrics"],"duration":2,"failureDetails":[],"failureMessages":[],"fullName":"FailoverManager Performance Metrics should calculate average cost","invocations":1,"location":null,"numPassingAsserts":1,"retryReasons":[],"status":"passed","title":"should calculate average cost"},{"ancestorTitles":["FailoverManager","Error Classification"],"duration":1,"failureDetails":[],"failureMessages":[],"fullName":"FailoverManager Error Classification should identify retryable errors correctly","invocations":1,"location":null,"numPassingAsserts":6,"retryReasons":[],"status":"passed","title":"should identify retryable errors correctly"},{"ancestorTitles":["FailoverManager","Error Classification"],"duration":1,"failureDetails":[],"failureMessages":[],"fullName":"FailoverManager Error Classification should identify non-retryable errors correctly","invocations":1,"location":null,"numPassingAsserts":4,"retryReasons":[],"status":"passed","title":"should identify non-retryable errors correctly"},{"ancestorTitles":["FailoverManager","Statistics and Reporting"],"duration":2,"failureDetails":[],"failureMessages":[],"fullName":"FailoverManager Statistics and Reporting should return comprehensive failover statistics","invocations":1,"location":null,"numPassingAsserts":8,"retryReasons":[],"status":"passed","title":"should return comprehensive failover statistics"},{"ancestorTitles":["FailoverManager","Statistics and Reporting"],"duration":2,"failureDetails":[],"failureMessages":[],"fullName":"FailoverManager Statistics and Reporting should track provider failure counts","invocations":1,"location":null,"numPassingAsserts":2,"retryReasons":[],"status":"passed","title":"should track provider failure counts"},{"ancestorTitles":["FailoverManager","Provider Scoring"],"duration":1,"failureDetails":[],"failureMessages":[],"fullName":"FailoverManager Provider Scoring should calculate provider scores based on performance","invocations":1,"location":null,"numPassingAsserts":1,"retryReasons":[],"status":"passed","title":"should calculate provider scores based on performance"},{"ancestorTitles":["FailoverManager","Provider Scoring"],"duration":1,"failureDetails":[],"failureMessages":[],"fullName":"FailoverManager Provider Scoring should penalize providers with recent failures","invocations":1,"location":null,"numPassingAsserts":1,"retryReasons":[],"status":"passed","title":"should penalize providers with recent failures"},{"ancestorTitles":["FailoverManager","Shutdown"],"duration":0,"failureDetails":[],"failureMessages":[],"fullName":"FailoverManager Shutdown should clear health check intervals on shutdown","invocations":1,"location":null,"numPassingAsserts":2,"retryReasons":[],"status":"passed","title":"should clear health check intervals on shutdown"},{"ancestorTitles":["FailoverManager","Event Emission"],"duration":1,"failureDetails":[],"failureMessages":[],"fullName":"FailoverManager Event Emission should emit circuit breaker opened event","invocations":1,"location":null,"numPassingAsserts":1,"retryReasons":[],"status":"passed","title":"should emit circuit breaker opened event"},{"ancestorTitles":["FailoverManager","Event Emission"],"duration":1,"failureDetails":[],"failureMessages":[],"fullName":"FailoverManager Event Emission should emit provider recovered event","invocations":1,"location":null,"numPassingAsserts":1,"retryReasons":[],"status":"passed","title":"should emit provider recovered event"}],"endTime":1749171758532,"message":"","name":"/Users/charlieirwin/Documents/GitHub/TheWell_Pipeline/tests/unit/enrichment/FailoverManager.test.js","startTime":1749171757891,"status":"passed","summary":""},{"assertionResults":[{"ancestorTitles":["PerformanceBenchmark","constructor"],"duration":1,"failureDetails":[],"failureMessages":[],"fullName":"PerformanceBenchmark constructor should initialize with required dependencies","invocations":1,"location":null,"numPassingAsserts":4,"retryReasons":[],"status":"passed","title":"should initialize with required dependencies"},{"ancestorTitles":["PerformanceBenchmark","constructor"],"duration":9,"failureDetails":[],"failureMessages":[],"fullName":"PerformanceBenchmark constructor should throw error without rag manager","invocations":1,"location":null,"numPassingAsserts":1,"retryReasons":[],"status":"passed","title":"should throw error without rag manager"},{"ancestorTitles":["PerformanceBenchmark","initialize"],"duration":4,"failureDetails":[],"failureMessages":[],"fullName":"PerformanceBenchmark initialize should initialize successfully","invocations":1,"location":null,"numPassingAsserts":1,"retryReasons":[],"status":"passed","title":"should initialize successfully"},{"ancestorTitles":["PerformanceBenchmark","initialize"],"duration":1,"failureDetails":[],"failureMessages":[],"fullName":"PerformanceBenchmark initialize should not initialize twice","invocations":1,"location":null,"numPassingAsserts":1,"retryReasons":[],"status":"passed","title":"should not initialize twice"},{"ancestorTitles":["PerformanceBenchmark","runSequentialBenchmark"],"duration":2,"failureDetails":[],"failureMessages":[],"fullName":"PerformanceBenchmark runSequentialBenchmark should run sequential benchmark successfully","invocations":1,"location":null,"numPassingAsserts":2,"retryReasons":[],"status":"passed","title":"should run sequential benchmark successfully"},{"ancestorTitles":["PerformanceBenchmark","runSequentialBenchmark"],"duration":1,"failureDetails":[],"failureMessages":[],"fullName":"PerformanceBenchmark runSequentialBenchmark should handle query errors in sequential benchmark","invocations":1,"location":null,"numPassingAsserts":3,"retryReasons":[],"status":"passed","title":"should handle query errors in sequential benchmark"},{"ancestorTitles":["PerformanceBenchmark","runSequentialBenchmark"],"duration":2,"failureDetails":[],"failureMessages":[],"fullName":"PerformanceBenchmark runSequentialBenchmark should throw error if not initialized","invocations":1,"location":null,"numPassingAsserts":1,"retryReasons":[],"status":"passed","title":"should throw error if not initialized"},{"ancestorTitles":["PerformanceBenchmark","runParallelBenchmark"],"duration":1,"failureDetails":[],"failureMessages":[],"fullName":"PerformanceBenchmark runParallelBenchmark should run parallel benchmark successfully","invocations":1,"location":null,"numPassingAsserts":2,"retryReasons":[],"status":"passed","title":"should run parallel benchmark successfully"},{"ancestorTitles":["PerformanceBenchmark","runParallelBenchmark"],"duration":2,"failureDetails":[],"failureMessages":[],"fullName":"PerformanceBenchmark runParallelBenchmark should handle missing parallel search manager","invocations":1,"location":null,"numPassingAsserts":1,"retryReasons":[],"status":"passed","title":"should handle missing parallel search manager"},{"ancestorTitles":["PerformanceBenchmark","runComparisonBenchmark"],"duration":2,"failureDetails":[],"failureMessages":[],"fullName":"PerformanceBenchmark runComparisonBenchmark should run comparison benchmark successfully","invocations":1,"location":null,"numPassingAsserts":1,"retryReasons":[],"status":"passed","title":"should run comparison benchmark successfully"},{"ancestorTitles":["PerformanceBenchmark","runComparisonBenchmark"],"duration":306,"failureDetails":[],"failureMessages":[],"fullName":"PerformanceBenchmark runComparisonBenchmark should provide performance recommendations","invocations":1,"location":null,"numPassingAsserts":2,"retryReasons":[],"status":"passed","title":"should provide performance recommendations"},{"ancestorTitles":["PerformanceBenchmark","analyzeTrends"],"duration":4,"failureDetails":[],"failureMessages":[],"fullName":"PerformanceBenchmark analyzeTrends should analyze performance trends","invocations":1,"location":null,"numPassingAsserts":1,"retryReasons":[],"status":"passed","title":"should analyze performance trends"},{"ancestorTitles":["PerformanceBenchmark","analyzeTrends"],"duration":3,"failureDetails":[],"failureMessages":[],"fullName":"PerformanceBenchmark analyzeTrends should handle insufficient data for trends","invocations":1,"location":null,"numPassingAsserts":1,"retryReasons":[],"status":"passed","title":"should handle insufficient data for trends"},{"ancestorTitles":["PerformanceBenchmark","getBenchmarkHistory"],"duration":2,"failureDetails":[],"failureMessages":[],"fullName":"PerformanceBenchmark getBenchmarkHistory should return benchmark history","invocations":1,"location":null,"numPassingAsserts":1,"retryReasons":[],"status":"passed","title":"should return benchmark history"},{"ancestorTitles":["PerformanceBenchmark","getBenchmarkHistory"],"duration":5,"failureDetails":[],"failureMessages":[],"fullName":"PerformanceBenchmark getBenchmarkHistory should limit history size","invocations":1,"location":null,"numPassingAsserts":1,"retryReasons":[],"status":"passed","title":"should limit history size"},{"ancestorTitles":["PerformanceBenchmark","clearBenchmarkHistory"],"duration":2,"failureDetails":[],"failureMessages":[],"fullName":"PerformanceBenchmark clearBenchmarkHistory should clear benchmark history","invocations":1,"location":null,"numPassingAsserts":1,"retryReasons":[],"status":"passed","title":"should clear benchmark history"},{"ancestorTitles":["PerformanceBenchmark","getStatus"],"duration":1,"failureDetails":[],"failureMessages":[],"fullName":"PerformanceBenchmark getStatus should return status when not initialized","invocations":1,"location":null,"numPassingAsserts":1,"retryReasons":[],"status":"passed","title":"should return status when not initialized"},{"ancestorTitles":["PerformanceBenchmark","getStatus"],"duration":1,"failureDetails":[],"failureMessages":[],"fullName":"PerformanceBenchmark getStatus should return status when initialized","invocations":1,"location":null,"numPassingAsserts":1,"retryReasons":[],"status":"passed","title":"should return status when initialized"},{"ancestorTitles":["PerformanceBenchmark","getStatus"],"duration":1,"failureDetails":[],"failureMessages":[],"fullName":"PerformanceBenchmark getStatus should indicate missing dependencies","invocations":1,"location":null,"numPassingAsserts":1,"retryReasons":[],"status":"passed","title":"should indicate missing dependencies"},{"ancestorTitles":["PerformanceBenchmark","shutdown"],"duration":1,"failureDetails":[],"failureMessages":[],"fullName":"PerformanceBenchmark shutdown should shutdown gracefully","invocations":1,"location":null,"numPassingAsserts":1,"retryReasons":[],"status":"passed","title":"should shutdown gracefully"},{"ancestorTitles":["PerformanceBenchmark","shutdown"],"duration":1,"failureDetails":[],"failureMessages":[],"fullName":"PerformanceBenchmark shutdown should handle shutdown when not initialized","invocations":1,"location":null,"numPassingAsserts":1,"retryReasons":[],"status":"passed","title":"should handle shutdown when not initialized"},{"ancestorTitles":["PerformanceBenchmark","performance calculations"],"duration":1,"failureDetails":[],"failureMessages":[],"fullName":"PerformanceBenchmark performance calculations should calculate throughput correctly","invocations":1,"location":null,"numPassingAsserts":1,"retryReasons":[],"status":"passed","title":"should calculate throughput correctly"},{"ancestorTitles":["PerformanceBenchmark","performance calculations"],"duration":0,"failureDetails":[],"failureMessages":[],"fullName":"PerformanceBenchmark performance calculations should calculate speedup factor correctly","invocations":1,"location":null,"numPassingAsserts":1,"retryReasons":[],"status":"passed","title":"should calculate speedup factor correctly"},{"ancestorTitles":["PerformanceBenchmark","performance calculations"],"duration":1,"failureDetails":[],"failureMessages":[],"fullName":"PerformanceBenchmark performance calculations should handle edge cases in calculations","invocations":1,"location":null,"numPassingAsserts":4,"retryReasons":[],"status":"passed","title":"should handle edge cases in calculations"}],"endTime":1749171759021,"message":"","name":"/Users/charlieirwin/Documents/GitHub/TheWell_Pipeline/tests/unit/rag/performance/PerformanceBenchmark.test.js","startTime":1749171758538,"status":"passed","summary":""},{"assertionResults":[{"ancestorTitles":["Reliability Routes","GET /sources/:sourceId"],"duration":24,"failureDetails":[],"failureMessages":[],"fullName":"Reliability Routes GET /sources/:sourceId should get existing reliability score","invocations":1,"location":null,"numPassingAsserts":3,"retryReasons":[],"status":"passed","title":"should get existing reliability score"},{"ancestorTitles":["Reliability Routes","GET /sources/:sourceId"],"duration":3,"failureDetails":[],"failureMessages":[],"fullName":"Reliability Routes GET /sources/:sourceId should calculate score if none exists","invocations":1,"location":null,"numPassingAsserts":4,"retryReasons":[],"status":"passed","title":"should calculate score if none exists"},{"ancestorTitles":["Reliability Routes","GET /sources/:sourceId"],"duration":9,"failureDetails":[{}],"failureMessages":["Error: expected 200 \"OK\", got 401 \"Unauthorized\"\n    at Object.expect (/Users/charlieirwin/Documents/GitHub/TheWell_Pipeline/tests/unit/web/routes/reliability.test.js:103:10)\n    at Promise.then.completed (/Users/charlieirwin/Documents/GitHub/TheWell_Pipeline/node_modules/jest-circus/build/utils.js:298:28)\n    at new Promise (<anonymous>)\n    at callAsyncCircusFn (/Users/charlieirwin/Documents/GitHub/TheWell_Pipeline/node_modules/jest-circus/build/utils.js:231:10)\n    at _callCircusTest (/Users/charlieirwin/Documents/GitHub/TheWell_Pipeline/node_modules/jest-circus/build/run.js:316:40)\n    at processTicksAndRejections (node:internal/process/task_queues:105:5)\n    at _runTest (/Users/charlieirwin/Documents/GitHub/TheWell_Pipeline/node_modules/jest-circus/build/run.js:252:3)\n    at _runTestsForDescribeBlock (/Users/charlieirwin/Documents/GitHub/TheWell_Pipeline/node_modules/jest-circus/build/run.js:126:9)\n    at _runTestsForDescribeBlock (/Users/charlieirwin/Documents/GitHub/TheWell_Pipeline/node_modules/jest-circus/build/run.js:121:9)\n    at _runTestsForDescribeBlock (/Users/charlieirwin/Documents/GitHub/TheWell_Pipeline/node_modules/jest-circus/build/run.js:121:9)\n    at run (/Users/charlieirwin/Documents/GitHub/TheWell_Pipeline/node_modules/jest-circus/build/run.js:71:3)\n    at runAndTransformResultsToJestFormat (/Users/charlieirwin/Documents/GitHub/TheWell_Pipeline/node_modules/jest-circus/build/legacy-code-todo-rewrite/jestAdapterInit.js:122:21)\n    at jestAdapter (/Users/charlieirwin/Documents/GitHub/TheWell_Pipeline/node_modules/jest-circus/build/legacy-code-todo-rewrite/jestAdapter.js:79:19)\n    at runTestInternal (/Users/charlieirwin/Documents/GitHub/TheWell_Pipeline/node_modules/jest-runner/build/runTest.js:367:16)\n    at runTest (/Users/charlieirwin/Documents/GitHub/TheWell_Pipeline/node_modules/jest-runner/build/runTest.js:444:34)\n----\n    at Test._assertStatus (/Users/charlieirwin/Documents/GitHub/TheWell_Pipeline/node_modules/supertest/lib/test.js:252:14)\n    at /Users/charlieirwin/Documents/GitHub/TheWell_Pipeline/node_modules/supertest/lib/test.js:308:13\n    at Test._assertFunction (/Users/charlieirwin/Documents/GitHub/TheWell_Pipeline/node_modules/supertest/lib/test.js:285:13)\n    at Test.assert (/Users/charlieirwin/Documents/GitHub/TheWell_Pipeline/node_modules/supertest/lib/test.js:164:23)\n    at Server.localAssert (/Users/charlieirwin/Documents/GitHub/TheWell_Pipeline/node_modules/supertest/lib/test.js:120:14)\n    at Object.onceWrapper (node:events:632:28)\n    at Server.emit (node:events:518:28)\n    at emitCloseNT (node:net:2418:8)\n    at processTicksAndRejections (node:internal/process/task_queues:89:21)"],"fullName":"Reliability Routes GET /sources/:sourceId should force recalculation when requested","invocations":1,"location":null,"numPassingAsserts":0,"retryReasons":[],"status":"failed","title":"should force recalculation when requested"},{"ancestorTitles":["Reliability Routes","GET /sources/:sourceId"],"duration":3,"failureDetails":[],"failureMessages":[],"fullName":"Reliability Routes GET /sources/:sourceId should handle source not found error","invocations":1,"location":null,"numPassingAsserts":2,"retryReasons":[],"status":"passed","title":"should handle source not found error"},{"ancestorTitles":["Reliability Routes","GET /sources/:sourceId"],"duration":3,"failureDetails":[],"failureMessages":[],"fullName":"Reliability Routes GET /sources/:sourceId should handle service errors","invocations":1,"location":null,"numPassingAsserts":1,"retryReasons":[],"status":"passed","title":"should handle service errors"},{"ancestorTitles":["Reliability Routes","GET /sources"],"duration":3,"failureDetails":[],"failureMessages":[],"fullName":"Reliability Routes GET /sources should get all reliability scores with default pagination","invocations":1,"location":null,"numPassingAsserts":3,"retryReasons":[],"status":"passed","title":"should get all reliability scores with default pagination"},{"ancestorTitles":["Reliability Routes","GET /sources"],"duration":4,"failureDetails":[],"failureMessages":[],"fullName":"Reliability Routes GET /sources should handle custom pagination parameters","invocations":1,"location":null,"numPassingAsserts":1,"retryReasons":[],"status":"passed","title":"should handle custom pagination parameters"},{"ancestorTitles":["Reliability Routes","GET /sources"],"duration":2,"failureDetails":[],"failureMessages":[],"fullName":"Reliability Routes GET /sources should filter by reliability level","invocations":1,"location":null,"numPassingAsserts":1,"retryReasons":[],"status":"passed","title":"should filter by reliability level"},{"ancestorTitles":["Reliability Routes","POST /calculate-all"],"duration":10,"failureDetails":[],"failureMessages":[],"fullName":"Reliability Routes POST /calculate-all should calculate reliability scores for all sources","invocations":1,"location":null,"numPassingAsserts":3,"retryReasons":[],"status":"passed","title":"should calculate reliability scores for all sources"},{"ancestorTitles":["Reliability Routes","POST /calculate-all"],"duration":5,"failureDetails":[],"failureMessages":[],"fullName":"Reliability Routes POST /calculate-all should use default batch size if not provided","invocations":1,"location":null,"numPassingAsserts":1,"retryReasons":[],"status":"passed","title":"should use default batch size if not provided"},{"ancestorTitles":["Reliability Routes","POST /calculate-all"],"duration":3,"failureDetails":[],"failureMessages":[],"fullName":"Reliability Routes POST /calculate-all should handle calculation errors","invocations":1,"location":null,"numPassingAsserts":1,"retryReasons":[],"status":"passed","title":"should handle calculation errors"},{"ancestorTitles":["Reliability Routes","GET /sources/:sourceId/breakdown"],"duration":3,"failureDetails":[],"failureMessages":[],"fullName":"Reliability Routes GET /sources/:sourceId/breakdown should get reliability score breakdown","invocations":1,"location":null,"numPassingAsserts":2,"retryReasons":[],"status":"passed","title":"should get reliability score breakdown"},{"ancestorTitles":["Reliability Routes","GET /sources/:sourceId/breakdown"],"duration":3,"failureDetails":[],"failureMessages":[],"fullName":"Reliability Routes GET /sources/:sourceId/breakdown should handle missing reliability score","invocations":1,"location":null,"numPassingAsserts":2,"retryReasons":[],"status":"passed","title":"should handle missing reliability score"},{"ancestorTitles":["Reliability Routes","GET /statistics"],"duration":3,"failureDetails":[],"failureMessages":[],"fullName":"Reliability Routes GET /statistics should get reliability statistics summary","invocations":1,"location":null,"numPassingAsserts":2,"retryReasons":[],"status":"passed","title":"should get reliability statistics summary"},{"ancestorTitles":["Reliability Routes","GET /statistics"],"duration":3,"failureDetails":[],"failureMessages":[],"fullName":"Reliability Routes GET /statistics should handle empty scores","invocations":1,"location":null,"numPassingAsserts":1,"retryReasons":[],"status":"passed","title":"should handle empty scores"},{"ancestorTitles":["Reliability Routes","PUT /sources/:sourceId"],"duration":2,"failureDetails":[],"failureMessages":[],"fullName":"Reliability Routes PUT /sources/:sourceId should update reliability score for specific source","invocations":1,"location":null,"numPassingAsserts":3,"retryReasons":[],"status":"passed","title":"should update reliability score for specific source"},{"ancestorTitles":["Reliability Routes","PUT /sources/:sourceId"],"duration":3,"failureDetails":[],"failureMessages":[],"fullName":"Reliability Routes PUT /sources/:sourceId should use default timeframe if not provided","invocations":1,"location":null,"numPassingAsserts":1,"retryReasons":[],"status":"passed","title":"should use default timeframe if not provided"},{"ancestorTitles":["Reliability Routes","PUT /sources/:sourceId"],"duration":4,"failureDetails":[],"failureMessages":[],"fullName":"Reliability Routes PUT /sources/:sourceId should handle source not found error","invocations":1,"location":null,"numPassingAsserts":2,"retryReasons":[],"status":"passed","title":"should handle source not found error"},{"ancestorTitles":["Reliability Routes","GET /sources/:sourceId/trends"],"duration":3,"failureDetails":[],"failureMessages":[],"fullName":"Reliability Routes GET /sources/:sourceId/trends should get reliability trends for source","invocations":1,"location":null,"numPassingAsserts":2,"retryReasons":[],"status":"passed","title":"should get reliability trends for source"},{"ancestorTitles":["Reliability Routes","GET /sources/:sourceId/trends"],"duration":3,"failureDetails":[],"failureMessages":[],"fullName":"Reliability Routes GET /sources/:sourceId/trends should handle missing reliability score for trends","invocations":1,"location":null,"numPassingAsserts":2,"retryReasons":[],"status":"passed","title":"should handle missing reliability score for trends"},{"ancestorTitles":["Reliability Routes","GET /sources/:sourceId/trends"],"duration":3,"failureDetails":[],"failureMessages":[],"fullName":"Reliability Routes GET /sources/:sourceId/trends should handle missing historical data","invocations":1,"location":null,"numPassingAsserts":2,"retryReasons":[],"status":"passed","title":"should handle missing historical data"},{"ancestorTitles":["Reliability Routes","Error handling"],"duration":89,"failureDetails":[],"failureMessages":[],"fullName":"Reliability Routes Error handling should handle missing sourceReliabilityService dependency","invocations":1,"location":null,"numPassingAsserts":3,"retryReasons":[],"status":"passed","title":"should handle missing sourceReliabilityService dependency"},{"ancestorTitles":["Reliability Routes","Error handling"],"duration":3,"failureDetails":[],"failureMessages":[],"fullName":"Reliability Routes Error handling should handle service initialization error","invocations":1,"location":null,"numPassingAsserts":3,"retryReasons":[],"status":"passed","title":"should handle service initialization error"},{"ancestorTitles":["Reliability Routes","Permission requirements"],"duration":0,"failureDetails":[],"failureMessages":[],"fullName":"Reliability Routes Permission requirements should require read permission for GET endpoints","invocations":1,"location":null,"numPassingAsserts":0,"retryReasons":[],"status":"passed","title":"should require read permission for GET endpoints"},{"ancestorTitles":["Reliability Routes","Permission requirements"],"duration":0,"failureDetails":[],"failureMessages":[],"fullName":"Reliability Routes Permission requirements should require write permission for POST/PUT endpoints","invocations":1,"location":null,"numPassingAsserts":0,"retryReasons":[],"status":"passed","title":"should require write permission for POST/PUT endpoints"}],"endTime":1749171759463,"message":"  ● Reliability Routes › GET /sources/:sourceId › should force recalculation when requested\n\n    expected 200 \"OK\", got 401 \"Unauthorized\"\n\n      101 |       const response = await request(app)\n      102 |         .get('/api/v1/reliability/sources/source-1?recalculate=true')\n    > 103 |         .expect(200);\n          |          ^\n      104 |\n      105 |       expect(response.body.success).toBe(true);\n      106 |       expect(response.body.data).toEqual(mockScore);\n\n      at Object.expect (tests/unit/web/routes/reliability.test.js:103:10)\n      ----\n      at Test._assertStatus (node_modules/supertest/lib/test.js:252:14)\n      at node_modules/supertest/lib/test.js:308:13\n      at Test._assertFunction (node_modules/supertest/lib/test.js:285:13)\n      at Test.assert (node_modules/supertest/lib/test.js:164:23)\n      at Server.localAssert (node_modules/supertest/lib/test.js:120:14)\n","name":"/Users/charlieirwin/Documents/GitHub/TheWell_Pipeline/tests/unit/web/routes/reliability.test.js","startTime":1749171759026,"status":"failed","summary":""},{"assertionResults":[{"ancestorTitles":["Review Routes","GET /pending"],"duration":11,"failureDetails":[],"failureMessages":[],"fullName":"Review Routes GET /pending should return pending documents from queue","invocations":1,"location":null,"numPassingAsserts":3,"retryReasons":[],"status":"passed","title":"should return pending documents from queue"},{"ancestorTitles":["Review Routes","GET /pending"],"duration":5,"failureDetails":[],"failureMessages":[],"fullName":"Review Routes GET /pending should handle search and filter parameters","invocations":1,"location":null,"numPassingAsserts":1,"retryReasons":[],"status":"passed","title":"should handle search and filter parameters"},{"ancestorTitles":["Review Routes","GET /pending"],"duration":4,"failureDetails":[],"failureMessages":[],"fullName":"Review Routes GET /pending should handle errors from queue manager","invocations":1,"location":null,"numPassingAsserts":0,"retryReasons":[],"status":"passed","title":"should handle errors from queue manager"},{"ancestorTitles":["Review Routes","GET /document/:id"],"duration":4,"failureDetails":[],"failureMessages":[],"fullName":"Review Routes GET /document/:id should return document details from queue job","invocations":1,"location":null,"numPassingAsserts":3,"retryReasons":[],"status":"passed","title":"should return document details from queue job"},{"ancestorTitles":["Review Routes","GET /document/:id"],"duration":7,"failureDetails":[],"failureMessages":[],"fullName":"Review Routes GET /document/:id should handle document not found","invocations":1,"location":null,"numPassingAsserts":0,"retryReasons":[],"status":"passed","title":"should handle document not found"},{"ancestorTitles":["Review Routes","POST /approve/:id"],"duration":4,"failureDetails":[],"failureMessages":[],"fullName":"Review Routes POST /approve/:id should approve document successfully","invocations":1,"location":null,"numPassingAsserts":3,"retryReasons":[],"status":"passed","title":"should approve document successfully"},{"ancestorTitles":["Review Routes","POST /approve/:id"],"duration":2,"failureDetails":[],"failureMessages":[],"fullName":"Review Routes POST /approve/:id should require valid approval data","invocations":1,"location":null,"numPassingAsserts":0,"retryReasons":[],"status":"passed","title":"should require valid approval data"},{"ancestorTitles":["Review Routes","POST /reject/:id"],"duration":3,"failureDetails":[],"failureMessages":[],"fullName":"Review Routes POST /reject/:id should reject document successfully","invocations":1,"location":null,"numPassingAsserts":3,"retryReasons":[],"status":"passed","title":"should reject document successfully"},{"ancestorTitles":["Review Routes","POST /reject/:id"],"duration":2,"failureDetails":[],"failureMessages":[],"fullName":"Review Routes POST /reject/:id should require rejection reason","invocations":1,"location":null,"numPassingAsserts":0,"retryReasons":[],"status":"passed","title":"should require rejection reason"},{"ancestorTitles":["Review Routes","POST /flag/:id"],"duration":3,"failureDetails":[],"failureMessages":[],"fullName":"Review Routes POST /flag/:id should flag document successfully","invocations":1,"location":null,"numPassingAsserts":3,"retryReasons":[],"status":"passed","title":"should flag document successfully"},{"ancestorTitles":["Review Routes","POST /flag/:id"],"duration":3,"failureDetails":[],"failureMessages":[],"fullName":"Review Routes POST /flag/:id should require flag type","invocations":1,"location":null,"numPassingAsserts":0,"retryReasons":[],"status":"passed","title":"should require flag type"},{"ancestorTitles":["Review Routes","GET /stats"],"duration":2,"failureDetails":[],"failureMessages":[],"fullName":"Review Routes GET /stats should return review statistics from queue","invocations":1,"location":null,"numPassingAsserts":7,"retryReasons":[],"status":"passed","title":"should return review statistics from queue"},{"ancestorTitles":["Review Routes","POST /bulk/flag"],"duration":3,"failureDetails":[],"failureMessages":[],"fullName":"Review Routes POST /bulk/flag should bulk flag multiple documents","invocations":1,"location":null,"numPassingAsserts":8,"retryReasons":[],"status":"passed","title":"should bulk flag multiple documents"},{"ancestorTitles":["Review Routes","POST /bulk/flag"],"duration":3,"failureDetails":[],"failureMessages":[],"fullName":"Review Routes POST /bulk/flag should handle partial failures in bulk flag","invocations":1,"location":null,"numPassingAsserts":6,"retryReasons":[],"status":"passed","title":"should handle partial failures in bulk flag"},{"ancestorTitles":["Review Routes","POST /bulk/flag"],"duration":2,"failureDetails":[],"failureMessages":[],"fullName":"Review Routes POST /bulk/flag should return 400 if documentIds is not provided","invocations":1,"location":null,"numPassingAsserts":1,"retryReasons":[],"status":"passed","title":"should return 400 if documentIds is not provided"},{"ancestorTitles":["Review Routes","POST /bulk/flag"],"duration":2,"failureDetails":[],"failureMessages":[],"fullName":"Review Routes POST /bulk/flag should return 400 if type is not provided","invocations":1,"location":null,"numPassingAsserts":1,"retryReasons":[],"status":"passed","title":"should return 400 if type is not provided"},{"ancestorTitles":["Review Routes","POST /bulk/assign"],"duration":2,"failureDetails":[],"failureMessages":[],"fullName":"Review Routes POST /bulk/assign should bulk assign multiple documents","invocations":1,"location":null,"numPassingAsserts":8,"retryReasons":[],"status":"passed","title":"should bulk assign multiple documents"},{"ancestorTitles":["Review Routes","POST /bulk/assign"],"duration":2,"failureDetails":[],"failureMessages":[],"fullName":"Review Routes POST /bulk/assign should handle partial failures in bulk assign","invocations":1,"location":null,"numPassingAsserts":6,"retryReasons":[],"status":"passed","title":"should handle partial failures in bulk assign"},{"ancestorTitles":["Review Routes","POST /bulk/assign"],"duration":2,"failureDetails":[],"failureMessages":[],"fullName":"Review Routes POST /bulk/assign should return 400 if documentIds is not provided","invocations":1,"location":null,"numPassingAsserts":1,"retryReasons":[],"status":"passed","title":"should return 400 if documentIds is not provided"},{"ancestorTitles":["Review Routes","POST /bulk/assign"],"duration":2,"failureDetails":[],"failureMessages":[],"fullName":"Review Routes POST /bulk/assign should return 400 if assignTo is not provided","invocations":1,"location":null,"numPassingAsserts":1,"retryReasons":[],"status":"passed","title":"should return 400 if assignTo is not provided"},{"ancestorTitles":["Review Routes","POST /bulk/add-tags"],"duration":2,"failureDetails":[],"failureMessages":[],"fullName":"Review Routes POST /bulk/add-tags should bulk add tags to multiple documents","invocations":1,"location":null,"numPassingAsserts":8,"retryReasons":[],"status":"passed","title":"should bulk add tags to multiple documents"},{"ancestorTitles":["Review Routes","POST /bulk/add-tags"],"duration":3,"failureDetails":[],"failureMessages":[],"fullName":"Review Routes POST /bulk/add-tags should handle partial failures in bulk add tags","invocations":1,"location":null,"numPassingAsserts":6,"retryReasons":[],"status":"passed","title":"should handle partial failures in bulk add tags"},{"ancestorTitles":["Review Routes","POST /bulk/add-tags"],"duration":3,"failureDetails":[],"failureMessages":[],"fullName":"Review Routes POST /bulk/add-tags should return 400 if documentIds is not provided","invocations":1,"location":null,"numPassingAsserts":1,"retryReasons":[],"status":"passed","title":"should return 400 if documentIds is not provided"},{"ancestorTitles":["Review Routes","POST /bulk/add-tag
[...]
ureMessages":[],"fullName":"SemiStaticSourceHandler Content Transformation should transform JSON content","invocations":1,"location":null,"numPassingAsserts":1,"retryReasons":[],"status":"passed","title":"should transform JSON content"},{"ancestorTitles":["SemiStaticSourceHandler","Content Transformation"],"duration":1,"failureDetails":[],"failureMessages":[],"fullName":"SemiStaticSourceHandler Content Transformation should transform HTML content","invocations":1,"location":null,"numPassingAsserts":2,"retryReasons":[],"status":"passed","title":"should transform HTML content"},{"ancestorTitles":["SemiStaticSourceHandler","Content Transformation"],"duration":0,"failureDetails":[],"failureMessages":[],"fullName":"SemiStaticSourceHandler Content Transformation should handle plain text content","invocations":1,"location":null,"numPassingAsserts":2,"retryReasons":[],"status":"passed","title":"should handle plain text content"},{"ancestorTitles":["SemiStaticSourceHandler","Change Detection"],"duration":0,"failureDetails":[],"failureMessages":[],"fullName":"SemiStaticSourceHandler Change Detection should detect changes using ETag","invocations":1,"location":null,"numPassingAsserts":1,"retryReasons":[],"status":"passed","title":"should detect changes using ETag"},{"ancestorTitles":["SemiStaticSourceHandler","Change Detection"],"duration":1,"failureDetails":[],"failureMessages":[],"fullName":"SemiStaticSourceHandler Change Detection should detect no changes with same ETag","invocations":1,"location":null,"numPassingAsserts":1,"retryReasons":[],"status":"passed","title":"should detect no changes with same ETag"},{"ancestorTitles":["SemiStaticSourceHandler","Change Detection"],"duration":0,"failureDetails":[],"failureMessages":[],"fullName":"SemiStaticSourceHandler Change Detection should fallback to last-modified when no ETag","invocations":1,"location":null,"numPassingAsserts":1,"retryReasons":[],"status":"passed","title":"should fallback to last-modified when no ETag"},{"ancestorTitles":["SemiStaticSourceHandler","Helper Methods"],"duration":2,"failureDetails":[],"failureMessages":[],"fullName":"SemiStaticSourceHandler Helper Methods should setup authentication headers","invocations":1,"location":null,"numPassingAsserts":1,"retryReasons":[],"status":"passed","title":"should setup authentication headers"},{"ancestorTitles":["SemiStaticSourceHandler","Helper Methods"],"duration":0,"failureDetails":[],"failureMessages":[],"fullName":"SemiStaticSourceHandler Helper Methods should handle basic authentication","invocations":1,"location":null,"numPassingAsserts":1,"retryReasons":[],"status":"passed","title":"should handle basic authentication"},{"ancestorTitles":["SemiStaticSourceHandler","Helper Methods"],"duration":0,"failureDetails":[],"failureMessages":[],"fullName":"SemiStaticSourceHandler Helper Methods should handle API key authentication","invocations":1,"location":null,"numPassingAsserts":1,"retryReasons":[],"status":"passed","title":"should handle API key authentication"},{"ancestorTitles":["SemiStaticSourceHandler","Helper Methods"],"duration":1,"failureDetails":[],"failureMessages":[],"fullName":"SemiStaticSourceHandler Helper Methods should extract title from JSON content","invocations":1,"location":null,"numPassingAsserts":1,"retryReasons":[],"status":"passed","title":"should extract title from JSON content"},{"ancestorTitles":["SemiStaticSourceHandler","Helper Methods"],"duration":0,"failureDetails":[],"failureMessages":[],"fullName":"SemiStaticSourceHandler Helper Methods should extract title from HTML content","invocations":1,"location":null,"numPassingAsserts":1,"retryReasons":[],"status":"passed","title":"should extract title from HTML content"},{"ancestorTitles":["SemiStaticSourceHandler","Helper Methods"],"duration":1,"failureDetails":[],"failureMessages":[],"fullName":"SemiStaticSourceHandler Helper Methods should clean HTML content","invocations":1,"location":null,"numPassingAsserts":2,"retryReasons":[],"status":"passed","title":"should clean HTML content"},{"ancestorTitles":["SemiStaticSourceHandler","Helper Methods"],"duration":0,"failureDetails":[],"failureMessages":[],"fullName":"SemiStaticSourceHandler Helper Methods should generate document ID","invocations":1,"location":null,"numPassingAsserts":2,"retryReasons":[],"status":"passed","title":"should generate document ID"},{"ancestorTitles":["SemiStaticSourceHandler","Helper Methods"],"duration":0,"failureDetails":[],"failureMessages":[],"fullName":"SemiStaticSourceHandler Helper Methods should count words correctly","invocations":1,"location":null,"numPassingAsserts":1,"retryReasons":[],"status":"passed","title":"should count words correctly"},{"ancestorTitles":["SemiStaticSourceHandler","Cleanup"],"duration":1,"failureDetails":[],"failureMessages":[],"fullName":"SemiStaticSourceHandler Cleanup should cleanup resources","invocations":1,"location":null,"numPassingAsserts":1,"retryReasons":[],"status":"passed","title":"should cleanup resources"}],"endTime":1749171769836,"message":"","name":"/Users/charlieirwin/Documents/GitHub/TheWell_Pipeline/tests/unit/ingestion/handlers/SemiStaticSourceHandler.test.js","startTime":1749171769688,"status":"passed","summary":""},{"assertionResults":[{"ancestorTitles":["QualityMiddleware","apiMonitoring middleware"],"duration":1,"failureDetails":[],"failureMessages":[],"fullName":"QualityMiddleware apiMonitoring middleware should record API request metrics","invocations":1,"location":null,"numPassingAsserts":2,"retryReasons":[],"status":"passed","title":"should record API request metrics"},{"ancestorTitles":["QualityMiddleware","apiMonitoring middleware"],"duration":0,"failureDetails":[],"failureMessages":[],"fullName":"QualityMiddleware apiMonitoring middleware should handle requests without user","invocations":1,"location":null,"numPassingAsserts":1,"retryReasons":[],"status":"passed","title":"should handle requests without user"},{"ancestorTitles":["QualityMiddleware","apiMonitoring middleware"],"duration":0,"failureDetails":[],"failureMessages":[],"fullName":"QualityMiddleware apiMonitoring middleware should handle requests without route","invocations":1,"location":null,"numPassingAsserts":1,"retryReasons":[],"status":"passed","title":"should handle requests without route"},{"ancestorTitles":["QualityMiddleware","apiMonitoring middleware"],"duration":1,"failureDetails":[],"failureMessages":[],"fullName":"QualityMiddleware apiMonitoring middleware should handle metrics recording errors gracefully","invocations":1,"location":null,"numPassingAsserts":2,"retryReasons":[],"status":"passed","title":"should handle metrics recording errors gracefully"},{"ancestorTitles":["QualityMiddleware","wrapDatabaseOperation"],"duration":0,"failureDetails":[],"failureMessages":[],"fullName":"QualityMiddleware wrapDatabaseOperation should record successful database operation","invocations":1,"location":null,"numPassingAsserts":3,"retryReasons":[],"status":"passed","title":"should record successful database operation"},{"ancestorTitles":["QualityMiddleware","wrapDatabaseOperation"],"duration":6,"failureDetails":[],"failureMessages":[],"fullName":"QualityMiddleware wrapDatabaseOperation should record failed database operation","invocations":1,"location":null,"numPassingAsserts":2,"retryReasons":[],"status":"passed","title":"should record failed database operation"},{"ancestorTitles":["QualityMiddleware","wrapDatabaseOperation"],"duration":1,"failureDetails":[],"failureMessages":[],"fullName":"QualityMiddleware wrapDatabaseOperation should handle metrics recording errors gracefully","invocations":1,"location":null,"numPassingAsserts":1,"retryReasons":[],"status":"passed","title":"should handle metrics recording errors gracefully"},{"ancestorTitles":["QualityMiddleware","wrapLLMProcessing"],"duration":0,"failureDetails":[],"failureMessages":[],"fullName":"QualityMiddleware wrapLLMProcessing should record successful LLM processing","invocations":1,"location":null,"numPassingAsserts":3,"retryReasons":[],"status":"passed","title":"should record successful LLM processing"},{"ancestorTitles":["QualityMiddleware","wrapLLMProcessing"],"duration":1,"failureDetails":[],"failureMessages":[],"fullName":"QualityMiddleware wrapLLMProcessing should record failed LLM processing","invocations":1,"location":null,"numPassingAsserts":2,"retryReasons":[],"status":"passed","title":"should record failed LLM processing"},{"ancestorTitles":["QualityMiddleware","wrapOperation"],"duration":0,"failureDetails":[],"failureMessages":[],"fullName":"QualityMiddleware wrapOperation should record successful generic operation","invocations":1,"location":null,"numPassingAsserts":2,"retryReasons":[],"status":"passed","title":"should record successful generic operation"},{"ancestorTitles":["QualityMiddleware","wrapOperation"],"duration":1,"failureDetails":[],"failureMessages":[],"fullName":"QualityMiddleware wrapOperation should record failed generic operation","invocations":1,"location":null,"numPassingAsserts":2,"retryReasons":[],"status":"passed","title":"should record failed generic operation"},{"ancestorTitles":["QualityMiddleware","errorMonitoring middleware"],"duration":0,"failureDetails":[],"failureMessages":[],"fullName":"QualityMiddleware errorMonitoring middleware should record error metrics","invocations":1,"location":null,"numPassingAsserts":2,"retryReasons":[],"status":"passed","title":"should record error metrics"},{"ancestorTitles":["QualityMiddleware","errorMonitoring middleware"],"duration":0,"failureDetails":[],"failureMessages":[],"fullName":"QualityMiddleware errorMonitoring middleware should handle errors without status","invocations":1,"location":null,"numPassingAsserts":1,"retryReasons":[],"status":"passed","title":"should handle errors without status"},{"ancestorTitles":["QualityMiddleware","healthCheck endpoint"],"duration":1,"failureDetails":[],"failureMessages":[],"fullName":"QualityMiddleware healthCheck endpoint should return healthy status","invocations":1,"location":null,"numPassingAsserts":1,"retryReasons":[],"status":"passed","title":"should return healthy status"},{"ancestorTitles":["QualityMiddleware","healthCheck endpoint"],"duration":2,"failureDetails":[],"failureMessages":[],"fullName":"QualityMiddleware healthCheck endpoint should return degraded status for critical violations","invocations":1,"location":null,"numPassingAsserts":1,"retryReasons":[],"status":"passed","title":"should return degraded status for critical violations"},{"ancestorTitles":["QualityMiddleware","healthCheck endpoint"],"duration":0,"failureDetails":[],"failureMessages":[],"fullName":"QualityMiddleware healthCheck endpoint should handle errors gracefully","invocations":1,"location":null,"numPassingAsserts":2,"retryReasons":[],"status":"passed","title":"should handle errors gracefully"},{"ancestorTitles":["QualityMiddleware","metricsEndpoint"],"duration":0,"failureDetails":[],"failureMessages":[],"fullName":"QualityMiddleware metricsEndpoint should return specific metric data","invocations":1,"location":null,"numPassingAsserts":2,"retryReasons":[],"status":"passed","title":"should return specific metric data"},{"ancestorTitles":["QualityMiddleware","metricsEndpoint"],"duration":0,"failureDetails":[],"failureMessages":[],"fullName":"QualityMiddleware metricsEndpoint should return quality report when no specific metric requested","invocations":1,"location":null,"numPassingAsserts":2,"retryReasons":[],"status":"passed","title":"should return quality report when no specific metric requested"},{"ancestorTitles":["QualityMiddleware","metricsEndpoint"],"duration":0,"failureDetails":[],"failureMessages":[],"fullName":"QualityMiddleware metricsEndpoint should handle errors gracefully","invocations":1,"location":null,"numPassingAsserts":2,"retryReasons":[],"status":"passed","title":"should handle errors gracefully"},{"ancestorTitles":["QualityMiddleware","sloEndpoint"],"duration":1,"failureDetails":[],"failureMessages":[],"fullName":"QualityMiddleware sloEndpoint should return specific SLO compliance","invocations":1,"location":null,"numPassingAsserts":2,"retryReasons":[],"status":"passed","title":"should return specific SLO compliance"},{"ancestorTitles":["QualityMiddleware","sloEndpoint"],"duration":0,"failureDetails":[],"failureMessages":[],"fullName":"QualityMiddleware sloEndpoint should return all SLO compliance when no specific SLO requested","invocations":1,"location":null,"numPassingAsserts":2,"retryReasons":[],"status":"passed","title":"should return all SLO compliance when no specific SLO requested"},{"ancestorTitles":["QualityMiddleware","sloEndpoint"],"duration":0,"failureDetails":[],"failureMessages":[],"fullName":"QualityMiddleware sloEndpoint should handle errors gracefully","invocations":1,"location":null,"numPassingAsserts":2,"retryReasons":[],"status":"passed","title":"should handle errors gracefully"}],"endTime":1749171769976,"message":"","name":"/Users/charlieirwin/Documents/GitHub/TheWell_Pipeline/tests/unit/monitoring/QualityMiddleware.test.js","startTime":1749171769840,"status":"passed","summary":""},{"assertionResults":[{"ancestorTitles":["Ingestion Types","SOURCE_TYPES"],"duration":1,"failureDetails":[],"failureMessages":[],"fullName":"Ingestion Types SOURCE_TYPES should have all required source types","invocations":1,"location":null,"numPassingAsserts":4,"retryReasons":[],"status":"passed","title":"should have all required source types"},{"ancestorTitles":["Ingestion Types","SOURCE_TYPES"],"duration":0,"failureDetails":[],"failureMessages":[],"fullName":"Ingestion Types SOURCE_TYPES should have exactly 4 source types","invocations":1,"location":null,"numPassingAsserts":2,"retryReasons":[],"status":"passed","title":"should have exactly 4 source types"},{"ancestorTitles":["Ingestion Types","VISIBILITY_LEVELS"],"duration":1,"failureDetails":[],"failureMessages":[],"fullName":"Ingestion Types VISIBILITY_LEVELS should have all required visibility levels","invocations":1,"location":null,"numPassingAsserts":3,"retryReasons":[],"status":"passed","title":"should have all required visibility levels"},{"ancestorTitles":["Ingestion Types","VISIBILITY_LEVELS"],"duration":0,"failureDetails":[],"failureMessages":[],"fullName":"Ingestion Types VISIBILITY_LEVELS should have exactly 3 visibility levels","invocations":1,"location":null,"numPassingAsserts":2,"retryReasons":[],"status":"passed","title":"should have exactly 3 visibility levels"},{"ancestorTitles":["Ingestion Types","PROCESSING_STATUS"],"duration":1,"failureDetails":[],"failureMessages":[],"fullName":"Ingestion Types PROCESSING_STATUS should have all required processing statuses","invocations":1,"location":null,"numPassingAsserts":7,"retryReasons":[],"status":"passed","title":"should have all required processing statuses"},{"ancestorTitles":["Ingestion Types","PROCESSING_STATUS"],"duration":0,"failureDetails":[],"failureMessages":[],"fullName":"Ingestion Types PROCESSING_STATUS should have exactly 7 processing statuses","invocations":1,"location":null,"numPassingAsserts":2,"retryReasons":[],"status":"passed","title":"should have exactly 7 processing statuses"},{"ancestorTitles":["Ingestion Types","BaseSourceHandler"],"duration":0,"failureDetails":[],"failureMessages":[],"fullName":"Ingestion Types BaseSourceHandler should initialize with correct configuration","invocations":1,"location":null,"numPassingAsserts":2,"retryReasons":[],"status":"passed","title":"should initialize with correct configuration"},{"ancestorTitles":["Ingestion Types","BaseSourceHandler"],"duration":5,"failureDetails":[],"failureMessages":[],"fullName":"Ingestion Types BaseSourceHandler should throw error when calling abstract methods","invocations":1,"location":null,"numPassingAsserts":5,"retryReasons":[],"status":"passed","title":"should throw error when calling abstract methods"},{"ancestorTitles":["Ingestion Types","BaseSourceHandler"],"duration":0,"failureDetails":[],"failureMessages":[],"fullName":"Ingestion Types BaseSourceHandler should accept any configuration without validation","invocations":1,"location":null,"numPassingAsserts":3,"retryReasons":[],"status":"passed","title":"should accept any configuration without validation"},{"ancestorTitles":["Ingestion Types","BaseSourceHandler"],"duration":1,"failureDetails":[],"failureMessages":[],"fullName":"Ingestion Types BaseSourceHandler should store configuration as provided","invocations":1,"location":null,"numPassingAsserts":1,"retryReasons":[],"status":"passed","title":"should store configuration as provided"}],"endTime":1749171770110,"message":"","name":"/Users/charlieirwin/Documents/GitHub/TheWell_Pipeline/tests/unit/ingestion/types.test.js","startTime":1749171769978,"status":"passed","summary":""},{"assertionResults":[{"ancestorTitles":["TracingManager","constructor"],"duration":0,"failureDetails":[],"failureMessages":[],"fullName":"TracingManager constructor should initialize with default options","invocations":1,"location":null,"numPassingAsserts":3,"retryReasons":[],"status":"passed","title":"should initialize with default options"},{"ancestorTitles":["TracingManager","constructor"],"duration":0,"failureDetails":[],"failureMessages":[],"fullName":"TracingManager constructor should initialize with custom options","invocations":1,"location":null,"numPassingAsserts":3,"retryReasons":[],"status":"passed","title":"should initialize with custom options"},{"ancestorTitles":["TracingManager","startSpan"],"duration":1,"failureDetails":[],"failureMessages":[],"fullName":"TracingManager startSpan should start a new span when enabled","invocations":1,"location":null,"numPassingAsserts":2,"retryReasons":[],"status":"passed","title":"should start a new span when enabled"},{"ancestorTitles":["TracingManager","startSpan"],"duration":0,"failureDetails":[],"failureMessages":[],"fullName":"TracingManager startSpan should return no-op span when disabled","invocations":1,"location":null,"numPassingAsserts":3,"retryReasons":[],"status":"passed","title":"should return no-op span when disabled"},{"ancestorTitles":["TracingManager","RAG-specific spans"],"duration":1,"failureDetails":[],"failureMessages":[],"fullName":"TracingManager RAG-specific spans should create query span with correct attributes","invocations":1,"location":null,"numPassingAsserts":1,"retryReasons":[],"status":"passed","title":"should create query span with correct attributes"},{"ancestorTitles":["TracingManager","RAG-specific spans"],"duration":0,"failureDetails":[],"failureMessages":[],"fullName":"TracingManager RAG-specific spans should create retrieval span with correct attributes","invocations":1,"location":null,"numPassingAsserts":1,"retryReasons":[],"status":"passed","title":"should create retrieval span with correct attributes"},{"ancestorTitles":["TracingManager","RAG-specific spans"],"duration":0,"failureDetails":[],"failureMessages":[],"fullName":"TracingManager RAG-specific spans should create generation span with correct attributes","invocations":1,"location":null,"numPassingAsserts":1,"retryReasons":[],"status":"passed","title":"should create generation span with correct attributes"},{"ancestorTitles":["TracingManager","generateTraceId"],"duration":1,"failureDetails":[],"failureMessages":[],"fullName":"TracingManager generateTraceId should generate a valid UUID","invocations":1,"location":null,"numPassingAsserts":1,"retryReasons":[],"status":"passed","title":"should generate a valid UUID"},{"ancestorTitles":["TracingManager","generateTraceId"],"duration":2,"failureDetails":[],"failureMessages":[],"fullName":"TracingManager generateTraceId should generate unique IDs","invocations":1,"location":null,"numPassingAsserts":1,"retryReasons":[],"status":"passed","title":"should generate unique IDs"}],"endTime":1749171770255,"message":"","name":"/Users/charlieirwin/Documents/GitHub/TheWell_Pipeline/tests/unit/tracing/TracingManager.test.js","startTime":1749171770113,"status":"passed","summary":""}],"wasInterrupted":false}
